2025-03-18 17:29:22,104 - accounting - ERROR - Transaction creation failed: Entry 2 is neither debit nor credit
2025-03-18 17:32:14,225 - accounting - ERROR - Transaction creation failed: Entry 1 is neither debit nor credit
2025-03-18 17:32:14,754 - accounting - ERROR - Transaction creation failed: Entry 1 is neither debit nor credit
2025-03-18 17:32:15,287 - accounting - ERROR - Transaction creation failed: Entry 1 is neither debit nor credit
2025-03-18 17:32:15,792 - accounting - ERROR - Transaction creation failed: Entry 1 is neither debit nor credit
2025-03-18 17:33:33,343 - accounting - INFO - Transaction INV-001 created successfully by user testuser with 2 entries
2025-03-18 17:33:34,421 - accounting - INFO - Transaction INV-003 created successfully by user testuser with 2 entries
2025-03-18 17:33:34,937 - accounting - INFO - Transaction INV-004 created successfully by user testuser with 2 entries
2025-03-18 17:33:34,942 - accounting - INFO - Transaction 2 deleted successfully by user testuser
2025-03-18 17:37:31,414 - accounting - INFO - Transaction INV-001 created successfully by user testuser with 2 entries
2025-03-18 17:37:32,406 - accounting - INFO - Transaction INV-003 created successfully by user testuser with 2 entries
2025-03-18 17:37:32,887 - accounting - INFO - Transaction INV-004 created successfully by user testuser with 2 entries
2025-03-18 17:37:32,892 - accounting - INFO - Transaction 2 deleted successfully by user testuser
2025-03-18 17:38:19,770 - accounting - INFO - Transaction INV-001 created successfully by user testuser with 2 entries
2025-03-18 17:38:20,741 - accounting - INFO - Transaction INV-003 created successfully by user testuser with 2 entries
2025-03-18 17:38:21,211 - accounting - INFO - Transaction INV-004 created successfully by user testuser with 2 entries
2025-03-18 17:38:21,216 - accounting - INFO - Transaction 2 deleted successfully by user testuser
2025-03-18 17:40:07,219 - accounting - INFO - Transaction INV-001 created successfully by user testuser with 2 entries
2025-03-18 17:40:08,254 - accounting - INFO - Transaction INV-003 created successfully by user testuser with 2 entries
2025-03-18 17:40:08,737 - accounting - INFO - Transaction INV-004 created successfully by user testuser with 2 entries
2025-03-18 17:40:08,741 - accounting - INFO - Transaction 2 deleted successfully by user testuser
2025-03-18 17:41:13,990 - accounting - INFO - Transaction INV-001 created successfully by user testuser with 2 entries
2025-03-18 17:41:14,965 - accounting - INFO - Transaction INV-003 created successfully by user testuser with 2 entries
2025-03-18 17:41:15,563 - accounting - INFO - Transaction INV-004 created successfully by user testuser with 2 entries
2025-03-18 17:41:15,569 - accounting - INFO - Transaction 2 deleted successfully by user testuser
2025-03-18 17:41:16,079 - accounting - INFO - Transaction MULTI-001 created successfully by user testuser with 3 entries
2025-03-18 17:41:16,586 - accounting - ERROR - Transaction creation failed: Entry 1 is both debit and credit
2025-03-18 17:41:57,618 - accounting - INFO - Transaction INV-001 created successfully by user testuser with 2 entries
2025-03-18 17:41:58,584 - accounting - INFO - Transaction INV-003 created successfully by user testuser with 2 entries
2025-03-18 17:41:59,062 - accounting - INFO - Transaction INV-004 created successfully by user testuser with 2 entries
2025-03-18 17:41:59,066 - accounting - INFO - Transaction 2 deleted successfully by user testuser
2025-03-18 17:41:59,570 - accounting - INFO - Transaction MULTI-001 created successfully by user testuser with 3 entries
2025-03-18 17:42:00,049 - accounting - ERROR - Transaction creation failed: Entry 1 is both debit and credit
2025-03-18 17:42:36,367 - accounting - INFO - Transaction INV-001 created successfully by user testuser with 2 entries
2025-03-18 17:42:37,311 - accounting - INFO - Transaction INV-003 created successfully by user testuser with 2 entries
2025-03-18 17:42:37,821 - accounting - INFO - Transaction INV-004 created successfully by user testuser with 2 entries
2025-03-18 17:42:37,825 - accounting - INFO - Transaction 2 deleted successfully by user testuser
2025-03-18 17:42:38,304 - accounting - INFO - Transaction MULTI-001 created successfully by user testuser with 3 entries
2025-03-18 17:42:38,813 - accounting - ERROR - Transaction creation failed: Entry 1 is both debit and credit
2025-03-19 23:15:09,622 - accounting - INFO - Transaction TX-20250319174509 created successfully by user testuser_611dcd26 with 2 entries
2025-03-20 14:48:05,707 - accounting - ERROR - Transaction creation failed: Entry 1 is neither debit nor credit
2025-03-20 14:48:06,737 - accounting - ERROR - Transaction creation failed: Entry 1 is neither debit nor credit
2025-03-20 14:48:11,287 - accounting - ERROR - Transaction creation failed: Entry 1 is neither debit nor credit
2025-03-20 14:51:30,950 - accounting - ERROR - Transaction creation failed: Entry 1 is neither debit nor credit
2025-03-20 14:52:32,823 - accounting - ERROR - Transaction creation failed: Entry 1 is neither debit nor credit
2025-03-20 14:55:55,680 - accounting - ERROR - Transaction creation failed: Entry 1 is neither debit nor credit
2025-03-20 14:55:56,556 - accounting - ERROR - Transaction creation failed: Entry 1 is neither debit nor credit
2025-03-20 14:55:56,755 - accounting - ERROR - Transaction creation failed: Entry 1 is neither debit nor credit
2025-03-20 15:19:37,594 - accounting - ERROR - Transaction creation failed: Entry 1 is neither debit nor credit
2025-03-20 15:19:44,169 - accounting - ERROR - Transaction creation failed: Entry 1 is neither debit nor credit
2025-03-20 15:19:53,628 - accounting - ERROR - Transaction creation failed: Entry 1 is neither debit nor credit
2025-03-20 15:19:56,615 - accounting - ERROR - Transaction creation failed: Entry 1 is neither debit nor credit
2025-03-20 15:19:57,432 - accounting - ERROR - Transaction creation failed: Entry 1 is neither debit nor credit
2025-03-20 15:20:03,934 - accounting - ERROR - Transaction creation failed: Entry 1 is neither debit nor credit
2025-03-20 15:20:04,597 - accounting - ERROR - Transaction creation failed: Entry 1 is neither debit nor credit
2025-03-20 15:20:04,756 - accounting - ERROR - Transaction creation failed: Entry 1 is neither debit nor credit
2025-03-20 15:20:04,915 - accounting - ERROR - Transaction creation failed: Entry 1 is neither debit nor credit
2025-03-20 15:20:05,068 - accounting - ERROR - Transaction creation failed: Entry 1 is neither debit nor credit
2025-03-20 16:15:11,973 - accounting - INFO - Transaction Parvowiqhjrijhjhwqor created successfully by user admin with 2 entries
2025-03-20 16:34:12,101 - accounting - INFO - Transaction EXP-2025-001 created successfully by user admin with 2 entries
2025-03-20 16:36:45,916 - accounting - INFO - Transaction 21 deleted successfully by user admin
2025-03-20 16:36:54,889 - accounting - ERROR - Transaction deletion failed: Transaction 21 not found
